Arguments: 
  /usr/local/bin/node /usr/local/bin/yarn install

PATH: 
  /usr/local/opt/ruby/bin:/usr/local/opt/python@3.9/libexec/bin:/usr/local/sbin:/Users/rinat/go/bin:/usr/local/bin:/usr/bin:/bin:/usr/sbin:/sbin:/Library/Apple/usr/bin

Yarn version: 
  1.22.10

Node version: 
  14.17.1

Platform: 
  darwin x64

Trace: 
  SyntaxError: /Users/rinat/projects/zilpay/app-explorer/package.json: Unexpected token } in JSON at position 846
      at JSON.parse (<anonymous>)
      at /usr/local/lib/node_modules/yarn/lib/cli.js:1625:59
      at Generator.next (<anonymous>)
      at step (/usr/local/lib/node_modules/yarn/lib/cli.js:310:30)
      at /usr/local/lib/node_modules/yarn/lib/cli.js:321:13

npm manifest: 
  {
    "name": "app-explorer",
    "version": "1.0.0",
    "description": "DApp explorer for ZilPay",
    "main": "index.ts",
    "scripts": {
      "test": "echo \"Error: no test specified\" && exit 1",
      "start": "node --require ts-node/register index.ts"
    },
    "repository": {
      "type": "git",
      "url": "git+https://github.com/zilpay/app-explorer.git"
    },
    "author": "",
    "license": "ISC",
    "bugs": {
      "url": "https://github.com/zilpay/app-explorer/issues"
    },
    "homepage": "https://github.com/zilpay/app-explorer#readme",
    "devDependencies": {
      "@types/express": "^4.17.11",
      "@types/node": "^14.14.25",
      "dotenv": "^8.2.0",
      "ts-node": "^9.1.1",
      "tslint": "^6.1.3",
      "typescript": "^4.1.3"
    },
    "dependencies": {
      "body-parser": "^1.19.0",
      "cors": "^2.8.5",
      "express": "^4.17.1",
      "path": "^0.12.7",
    }
  }

yarn manifest: 
  No manifest

Lockfile: 
  No lockfile
